<?xml version="1.0" encoding="UTF-8"?>
<!-- Generated by org.testng.reporters.JUnitXMLReporter -->
<testsuite hostname="SL-1136" name="Default test" tests="12" failures="0" timestamp="28 Jan 2019 05:41:12 GMT" time="280.191" errors="0">
  <testcase name="LaunchSwagLabsTest" time="27.175" classname="com.swaglabs.Tests.LaunchSwagLabs"/>
  <testcase name="LaunchSwagLabsTest" time="35.181" classname="com.swaglabs.Tests.LaunchSwagLabs"/>
  <testcase name="LaunchSwagLabsTest" time="41.531" classname="com.swaglabs.Tests.LaunchSwagLabs"/>
  <testcase name="LaunchSwagLabsTest" time="70.44" classname="com.swaglabs.Tests.LaunchSwagLabs"/>
  <testcase name="LoginValidUserTest" time="43.27" classname="com.swaglabs.Tests.LoginValidUser"/>
  <testcase name="LoginValidUserTest" time="51.774" classname="com.swaglabs.Tests.LoginValidUser"/>
  <testcase name="LoginValidUserTest" time="64.03" classname="com.swaglabs.Tests.LoginValidUser"/>
  <testcase name="LoginValidUserTest" time="88.998" classname="com.swaglabs.Tests.LoginValidUser"/>
  <testcase name="LogininvalidUserTest" time="40.722" classname="com.swaglabs.Tests.LoginInvalidUser"/>
  <testcase name="LogininvalidUserTest" time="54.887" classname="com.swaglabs.Tests.LoginInvalidUser"/>
  <testcase name="LogininvalidUserTest" time="61.171" classname="com.swaglabs.Tests.LoginInvalidUser"/>
  <testcase name="LogininvalidUserTest" time="104.536" classname="com.swaglabs.Tests.LoginInvalidUser"/>
</testsuite> <!-- Default test -->
