<?xml version="1.0" encoding="UTF-8"?>
<!-- Generated by org.testng.reporters.JUnitXMLReporter -->
<testsuite hostname="SL-1136" name="Default test" tests="4" failures="0" timestamp="28 Jan 2019 05:01:01 GMT" time="94.127" errors="0">
  <testcase name="LogininvalidUserTest" time="44.056" classname="com.swaglabs.Tests.LoginInvalidUser"/>
  <testcase name="LogininvalidUserTest" time="56.53" classname="com.swaglabs.Tests.LoginInvalidUser"/>
  <testcase name="LogininvalidUserTest" time="68.025" classname="com.swaglabs.Tests.LoginInvalidUser"/>
  <testcase name="LogininvalidUserTest" time="88.715" classname="com.swaglabs.Tests.LoginInvalidUser"/>
</testsuite> <!-- Default test -->
