<?xml version="1.0" encoding="UTF-8"?>
<!-- Generated by org.testng.reporters.JUnitXMLReporter -->
<testsuite hostname="SL-1136" name="Test" tests="12" failures="0" timestamp="28 Jan 2019 05:50:41 GMT" time="146.718" errors="0">
  <testcase name="LaunchSwagLabsTest" time="30.218" classname="com.swaglabs.Tests.LaunchSwagLabs"/>
  <testcase name="LaunchSwagLabsTest" time="37.804" classname="com.swaglabs.Tests.LaunchSwagLabs"/>
  <testcase name="LaunchSwagLabsTest" time="42.998" classname="com.swaglabs.Tests.LaunchSwagLabs"/>
  <testcase name="LogininvalidUserTest" time="43.571" classname="com.swaglabs.Tests.LoginInvalidUser"/>
  <testcase name="LoginValidUserTest" time="46.144" classname="com.swaglabs.Tests.LoginValidUser"/>
  <testcase name="LogininvalidUserTest" time="53.093" classname="com.swaglabs.Tests.LoginInvalidUser"/>
  <testcase name="LoginValidUserTest" time="54.696" classname="com.swaglabs.Tests.LoginValidUser"/>
  <testcase name="LogininvalidUserTest" time="68.627" classname="com.swaglabs.Tests.LoginInvalidUser"/>
  <testcase name="LaunchSwagLabsTest" time="71.912" classname="com.swaglabs.Tests.LaunchSwagLabs"/>
  <testcase name="LoginValidUserTest" time="91.748" classname="com.swaglabs.Tests.LoginValidUser"/>
  <testcase name="LogininvalidUserTest" time="92.184" classname="com.swaglabs.Tests.LoginInvalidUser"/>
  <testcase name="LoginValidUserTest" time="144.789" classname="com.swaglabs.Tests.LoginValidUser"/>
</testsuite> <!-- Test -->
