<?xml version="1.0" encoding="UTF-8"?>
<testng-results skipped="0" failed="0" total="12" passed="12">
  <reporter-output>
  </reporter-output>
  <suite name="Suite" duration-ms="146718" started-at="2019-01-28T05:48:14Z" finished-at="2019-01-28T05:50:41Z">
    <groups>
    </groups>
    <test name="Test" duration-ms="146718" started-at="2019-01-28T05:48:14Z" finished-at="2019-01-28T05:50:41Z">
      <class name="com.swaglabs.Tests.LaunchSwagLabs">
        <test-method status="PASS" signature="LaunchSwagLabsTest(java.lang.String, java.lang.String, java.lang.String, java.lang.String, java.lang.String, java.lang.reflect.Method)[pri:0, instance:com.swaglabs.Tests.LaunchSwagLabs@cb5822]" name="LaunchSwagLabsTest" duration-ms="30218" started-at="2019-01-27T21:48:14Z" data-provider="hardCodedBrowsers" finished-at="2019-01-27T21:48:44Z">
          <params>
            <param index="0">
              <value>
                <![CDATA[Android]]>
              </value>
            </param>
            <param index="1">
              <value>
                <![CDATA[Android Emulator]]>
              </value>
            </param>
            <param index="2">
              <value>
                <![CDATA[]]>
              </value>
            </param>
            <param index="3">
              <value>
                <![CDATA[1.8.0]]>
              </value>
            </param>
            <param index="4">
              <value>
                <![CDATA[portrait]]>
              </value>
            </param>
            <param index="5">
              <value>
                <![CDATA[public void com.swaglabs.Tests.LaunchSwagLabs.LaunchSwagLabsTest(java.lang.String,java.lang.String,java.lang.String,java.lang.String,java.lang.String,java.lang.reflect.Method) throws java.net.MalformedURLException,org.openqa.selenium.InvalidElementStateException,java.rmi.UnexpectedException]]>
              </value>
            </param>
          </params>
          <reporter-output>
          </reporter-output>
        </test-method> <!-- LaunchSwagLabsTest -->
        <test-method status="PASS" signature="LaunchSwagLabsTest(java.lang.String, java.lang.String, java.lang.String, java.lang.String, java.lang.String, java.lang.reflect.Method)[pri:0, instance:com.swaglabs.Tests.LaunchSwagLabs@cb5822]" name="LaunchSwagLabsTest" duration-ms="71912" started-at="2019-01-27T21:48:14Z" data-provider="hardCodedBrowsers" finished-at="2019-01-27T21:49:26Z">
          <params>
            <param index="0">
              <value>
                <![CDATA[TestObject]]>
              </value>
            </param>
            <param index="1">
              <value>
                <![CDATA[Samsung_Galaxy_S5_real]]>
              </value>
            </param>
            <param index="2">
              <value>
                <![CDATA[]]>
              </value>
            </param>
            <param index="3">
              <value>
                <![CDATA[1.8.0]]>
              </value>
            </param>
            <param index="4">
              <value>
                <![CDATA[]]>
              </value>
            </param>
            <param index="5">
              <value>
                <![CDATA[public void com.swaglabs.Tests.LaunchSwagLabs.LaunchSwagLabsTest(java.lang.String,java.lang.String,java.lang.String,java.lang.String,java.lang.String,java.lang.reflect.Method) throws java.net.MalformedURLException,org.openqa.selenium.InvalidElementStateException,java.rmi.UnexpectedException]]>
              </value>
            </param>
          </params>
          <reporter-output>
          </reporter-output>
        </test-method> <!-- LaunchSwagLabsTest -->
        <test-method status="PASS" signature="LaunchSwagLabsTest(java.lang.String, java.lang.String, java.lang.String, java.lang.String, java.lang.String, java.lang.reflect.Method)[pri:0, instance:com.swaglabs.Tests.LaunchSwagLabs@cb5822]" name="LaunchSwagLabsTest" duration-ms="37804" started-at="2019-01-27T21:48:14Z" data-provider="hardCodedBrowsers" finished-at="2019-01-27T21:48:52Z">
          <params>
            <param index="0">
              <value>
                <![CDATA[Android]]>
              </value>
            </param>
            <param index="1">
              <value>
                <![CDATA[Samsung Galaxy S9 WQHD GoogleAPI Emulator]]>
              </value>
            </param>
            <param index="2">
              <value>
                <![CDATA[]]>
              </value>
            </param>
            <param index="3">
              <value>
                <![CDATA[1.8.0]]>
              </value>
            </param>
            <param index="4">
              <value>
                <![CDATA[portrait]]>
              </value>
            </param>
            <param index="5">
              <value>
                <![CDATA[public void com.swaglabs.Tests.LaunchSwagLabs.LaunchSwagLabsTest(java.lang.String,java.lang.String,java.lang.String,java.lang.String,java.lang.String,java.lang.reflect.Method) throws java.net.MalformedURLException,org.openqa.selenium.InvalidElementStateException,java.rmi.UnexpectedException]]>
              </value>
            </param>
          </params>
          <reporter-output>
          </reporter-output>
        </test-method> <!-- LaunchSwagLabsTest -->
        <test-method status="PASS" signature="LaunchSwagLabsTest(java.lang.String, java.lang.String, java.lang.String, java.lang.String, java.lang.String, java.lang.reflect.Method)[pri:0, instance:com.swaglabs.Tests.LaunchSwagLabs@cb5822]" name="LaunchSwagLabsTest" duration-ms="42998" started-at="2019-01-27T21:48:14Z" data-provider="hardCodedBrowsers" finished-at="2019-01-27T21:48:57Z">
          <params>
            <param index="0">
              <value>
                <![CDATA[TestObject]]>
              </value>
            </param>
            <param index="1">
              <value>
                <![CDATA[Samsung Galaxy S7]]>
              </value>
            </param>
            <param index="2">
              <value>
                <![CDATA[]]>
              </value>
            </param>
            <param index="3">
              <value>
                <![CDATA[1.8.0]]>
              </value>
            </param>
            <param index="4">
              <value>
                <![CDATA[]]>
              </value>
            </param>
            <param index="5">
              <value>
                <![CDATA[public void com.swaglabs.Tests.LaunchSwagLabs.LaunchSwagLabsTest(java.lang.String,java.lang.String,java.lang.String,java.lang.String,java.lang.String,java.lang.reflect.Method) throws java.net.MalformedURLException,org.openqa.selenium.InvalidElementStateException,java.rmi.UnexpectedException]]>
              </value>
            </param>
          </params>
          <reporter-output>
          </reporter-output>
        </test-method> <!-- LaunchSwagLabsTest -->
        <test-method status="PASS" signature="tearDown(org.testng.ITestResult)[pri:0, instance:com.swaglabs.Tests.LaunchSwagLabs@cb5822]" name="tearDown" is-config="true" duration-ms="516" started-at="2019-01-27T21:48:44Z" finished-at="2019-01-27T21:48:45Z">
          <params>
            <param index="0">
              <value>
                <![CDATA[[TestResult name=LaunchSwagLabsTest status=SUCCESS method=LaunchSwagLabs.LaunchSwagLabsTest(java.lang.String, java.lang.String, java.lang.String, java.lang.String, java.lang.String, java.lang.reflect.Method)[pri:0, instance:com.swaglabs.Tests.LaunchSwagLabs@cb5822] output={null}]]]>
              </value>
            </param>
          </params>
          <reporter-output>
          </reporter-output>
        </test-method> <!-- tearDown -->
        <test-method status="PASS" signature="tearDown(org.testng.ITestResult)[pri:0, instance:com.swaglabs.Tests.LaunchSwagLabs@cb5822]" name="tearDown" is-config="true" duration-ms="1141" started-at="2019-01-27T21:48:52Z" finished-at="2019-01-27T21:48:53Z">
          <params>
            <param index="0">
              <value>
                <![CDATA[[TestResult name=LaunchSwagLabsTest status=SUCCESS method=LaunchSwagLabs.LaunchSwagLabsTest(java.lang.String, java.lang.String, java.lang.String, java.lang.String, java.lang.String, java.lang.reflect.Method)[pri:0, instance:com.swaglabs.Tests.LaunchSwagLabs@cb5822] output={null}]]]>
              </value>
            </param>
          </params>
          <reporter-output>
          </reporter-output>
        </test-method> <!-- tearDown -->
        <test-method status="PASS" signature="tearDown(org.testng.ITestResult)[pri:0, instance:com.swaglabs.Tests.LaunchSwagLabs@cb5822]" name="tearDown" is-config="true" duration-ms="2758" started-at="2019-01-27T21:48:57Z" finished-at="2019-01-27T21:49:00Z">
          <params>
            <param index="0">
              <value>
                <![CDATA[[TestResult name=LaunchSwagLabsTest status=SUCCESS method=LaunchSwagLabs.LaunchSwagLabsTest(java.lang.String, java.lang.String, java.lang.String, java.lang.String, java.lang.String, java.lang.reflect.Method)[pri:0, instance:com.swaglabs.Tests.LaunchSwagLabs@cb5822] output={null}]]]>
              </value>
            </param>
          </params>
          <reporter-output>
          </reporter-output>
        </test-method> <!-- tearDown -->
        <test-method status="PASS" signature="tearDown(org.testng.ITestResult)[pri:0, instance:com.swaglabs.Tests.LaunchSwagLabs@cb5822]" name="tearDown" is-config="true" duration-ms="5144" started-at="2019-01-27T21:49:26Z" finished-at="2019-01-27T21:49:31Z">
          <params>
            <param index="0">
              <value>
                <![CDATA[[TestResult name=LaunchSwagLabsTest status=SUCCESS method=LaunchSwagLabs.LaunchSwagLabsTest(java.lang.String, java.lang.String, java.lang.String, java.lang.String, java.lang.String, java.lang.reflect.Method)[pri:0, instance:com.swaglabs.Tests.LaunchSwagLabs@cb5822] output={null}]]]>
              </value>
            </param>
          </params>
          <reporter-output>
          </reporter-output>
        </test-method> <!-- tearDown -->
      </class> <!-- com.swaglabs.Tests.LaunchSwagLabs -->
      <class name="com.swaglabs.Tests.LoginInvalidUser">
        <test-method status="PASS" signature="LogininvalidUserTest(java.lang.String, java.lang.String, java.lang.String, java.lang.String, java.lang.String, java.lang.reflect.Method)[pri:0, instance:com.swaglabs.Tests.LoginInvalidUser@18be83e4]" name="LogininvalidUserTest" duration-ms="68627" started-at="2019-01-27T21:48:14Z" data-provider="hardCodedBrowsers" finished-at="2019-01-27T21:49:23Z">
          <params>
            <param index="0">
              <value>
                <![CDATA[TestObject]]>
              </value>
            </param>
            <param index="1">
              <value>
                <![CDATA[Samsung Galaxy S7]]>
              </value>
            </param>
            <param index="2">
              <value>
                <![CDATA[]]>
              </value>
            </param>
            <param index="3">
              <value>
                <![CDATA[1.8.0]]>
              </value>
            </param>
            <param index="4">
              <value>
                <![CDATA[]]>
              </value>
            </param>
            <param index="5">
              <value>
                <![CDATA[public void com.swaglabs.Tests.LoginInvalidUser.LogininvalidUserTest(java.lang.String,java.lang.String,java.lang.String,java.lang.String,java.lang.String,java.lang.reflect.Method) throws java.net.MalformedURLException,org.openqa.selenium.InvalidElementStateException,java.rmi.UnexpectedException,java.lang.InterruptedException]]>
              </value>
            </param>
          </params>
          <reporter-output>
          </reporter-output>
        </test-method> <!-- LogininvalidUserTest -->
        <test-method status="PASS" signature="LogininvalidUserTest(java.lang.String, java.lang.String, java.lang.String, java.lang.String, java.lang.String, java.lang.reflect.Method)[pri:0, instance:com.swaglabs.Tests.LoginInvalidUser@18be83e4]" name="LogininvalidUserTest" duration-ms="92184" started-at="2019-01-27T21:48:14Z" data-provider="hardCodedBrowsers" finished-at="2019-01-27T21:49:46Z">
          <params>
            <param index="0">
              <value>
                <![CDATA[TestObject]]>
              </value>
            </param>
            <param index="1">
              <value>
                <![CDATA[Samsung_Galaxy_S5_real]]>
              </value>
            </param>
            <param index="2">
              <value>
                <![CDATA[]]>
              </value>
            </param>
            <param index="3">
              <value>
                <![CDATA[1.8.0]]>
              </value>
            </param>
            <param index="4">
              <value>
                <![CDATA[]]>
              </value>
            </param>
            <param index="5">
              <value>
                <![CDATA[public void com.swaglabs.Tests.LoginInvalidUser.LogininvalidUserTest(java.lang.String,java.lang.String,java.lang.String,java.lang.String,java.lang.String,java.lang.reflect.Method) throws java.net.MalformedURLException,org.openqa.selenium.InvalidElementStateException,java.rmi.UnexpectedException,java.lang.InterruptedException]]>
              </value>
            </param>
          </params>
          <reporter-output>
          </reporter-output>
        </test-method> <!-- LogininvalidUserTest -->
        <test-method status="PASS" signature="LogininvalidUserTest(java.lang.String, java.lang.String, java.lang.String, java.lang.String, java.lang.String, java.lang.reflect.Method)[pri:0, instance:com.swaglabs.Tests.LoginInvalidUser@18be83e4]" name="LogininvalidUserTest" duration-ms="53093" started-at="2019-01-27T21:48:14Z" data-provider="hardCodedBrowsers" finished-at="2019-01-27T21:49:07Z">
          <params>
            <param index="0">
              <value>
                <![CDATA[Android]]>
              </value>
            </param>
            <param index="1">
              <value>
                <![CDATA[Samsung Galaxy S9 WQHD GoogleAPI Emulator]]>
              </value>
            </param>
            <param index="2">
              <value>
                <![CDATA[]]>
              </value>
            </param>
            <param index="3">
              <value>
                <![CDATA[1.8.0]]>
              </value>
            </param>
            <param index="4">
              <value>
                <![CDATA[portrait]]>
              </value>
            </param>
            <param index="5">
              <value>
                <![CDATA[public void com.swaglabs.Tests.LoginInvalidUser.LogininvalidUserTest(java.lang.String,java.lang.String,java.lang.String,java.lang.String,java.lang.String,java.lang.reflect.Method) throws java.net.MalformedURLException,org.openqa.selenium.InvalidElementStateException,java.rmi.UnexpectedException,java.lang.InterruptedException]]>
              </value>
            </param>
          </params>
          <reporter-output>
          </reporter-output>
        </test-method> <!-- LogininvalidUserTest -->
        <test-method status="PASS" signature="LogininvalidUserTest(java.lang.String, java.lang.String, java.lang.String, java.lang.String, java.lang.String, java.lang.reflect.Method)[pri:0, instance:com.swaglabs.Tests.LoginInvalidUser@18be83e4]" name="LogininvalidUserTest" duration-ms="43571" started-at="2019-01-27T21:48:14Z" data-provider="hardCodedBrowsers" finished-at="2019-01-27T21:48:58Z">
          <params>
            <param index="0">
              <value>
                <![CDATA[Android]]>
              </value>
            </param>
            <param index="1">
              <value>
                <![CDATA[Android Emulator]]>
              </value>
            </param>
            <param index="2">
              <value>
                <![CDATA[]]>
              </value>
            </param>
            <param index="3">
              <value>
                <![CDATA[1.8.0]]>
              </value>
            </param>
            <param index="4">
              <value>
                <![CDATA[portrait]]>
              </value>
            </param>
            <param index="5">
              <value>
                <![CDATA[public void com.swaglabs.Tests.LoginInvalidUser.LogininvalidUserTest(java.lang.String,java.lang.String,java.lang.String,java.lang.String,java.lang.String,java.lang.reflect.Method) throws java.net.MalformedURLException,org.openqa.selenium.InvalidElementStateException,java.rmi.UnexpectedException,java.lang.InterruptedException]]>
              </value>
            </param>
          </params>
          <reporter-output>
          </reporter-output>
        </test-method> <!-- LogininvalidUserTest -->
        <test-method status="PASS" signature="tearDown(org.testng.ITestResult)[pri:0, instance:com.swaglabs.Tests.LoginInvalidUser@18be83e4]" name="tearDown" is-config="true" duration-ms="529" started-at="2019-01-27T21:48:58Z" finished-at="2019-01-27T21:48:58Z">
          <params>
            <param index="0">
              <value>
                <![CDATA[[TestResult name=LogininvalidUserTest status=SUCCESS method=LoginInvalidUser.LogininvalidUserTest(java.lang.String, java.lang.String, java.lang.String, java.lang.String, java.lang.String, java.lang.reflect.Method)[pri:0, instance:com.swaglabs.Tests.LoginInvalidUser@18be83e4] output={null}]]]>
              </value>
            </param>
          </params>
          <reporter-output>
          </reporter-output>
        </test-method> <!-- tearDown -->
        <test-method status="PASS" signature="tearDown(org.testng.ITestResult)[pri:0, instance:com.swaglabs.Tests.LoginInvalidUser@18be83e4]" name="tearDown" is-config="true" duration-ms="960" started-at="2019-01-27T21:49:07Z" finished-at="2019-01-27T21:49:08Z">
          <params>
            <param index="0">
              <value>
                <![CDATA[[TestResult name=LogininvalidUserTest status=SUCCESS method=LoginInvalidUser.LogininvalidUserTest(java.lang.String, java.lang.String, java.lang.String, java.lang.String, java.lang.String, java.lang.reflect.Method)[pri:0, instance:com.swaglabs.Tests.LoginInvalidUser@18be83e4] output={null}]]]>
              </value>
            </param>
          </params>
          <reporter-output>
          </reporter-output>
        </test-method> <!-- tearDown -->
        <test-method status="PASS" signature="tearDown(org.testng.ITestResult)[pri:0, instance:com.swaglabs.Tests.LoginInvalidUser@18be83e4]" name="tearDown" is-config="true" duration-ms="2108" started-at="2019-01-27T21:49:23Z" finished-at="2019-01-27T21:49:25Z">
          <params>
            <param index="0">
              <value>
                <![CDATA[[TestResult name=LogininvalidUserTest status=SUCCESS method=LoginInvalidUser.LogininvalidUserTest(java.lang.String, java.lang.String, java.lang.String, java.lang.String, java.lang.String, java.lang.reflect.Method)[pri:0, instance:com.swaglabs.Tests.LoginInvalidUser@18be83e4] output={null}]]]>
              </value>
            </param>
          </params>
          <reporter-output>
          </reporter-output>
        </test-method> <!-- tearDown -->
        <test-method status="PASS" signature="tearDown(org.testng.ITestResult)[pri:0, instance:com.swaglabs.Tests.LoginInvalidUser@18be83e4]" name="tearDown" is-config="true" duration-ms="5187" started-at="2019-01-27T21:49:46Z" finished-at="2019-01-27T21:49:52Z">
          <params>
            <param index="0">
              <value>
                <![CDATA[[TestResult name=LogininvalidUserTest status=SUCCESS method=LoginInvalidUser.LogininvalidUserTest(java.lang.String, java.lang.String, java.lang.String, java.lang.String, java.lang.String, java.lang.reflect.Method)[pri:0, instance:com.swaglabs.Tests.LoginInvalidUser@18be83e4] output={null}]]]>
              </value>
            </param>
          </params>
          <reporter-output>
          </reporter-output>
        </test-method> <!-- tearDown -->
      </class> <!-- com.swaglabs.Tests.LoginInvalidUser -->
      <class name="com.swaglabs.Tests.LoginValidUser">
        <test-method status="PASS" signature="LoginValidUserTest(java.lang.String, java.lang.String, java.lang.String, java.lang.String, java.lang.String, java.lang.reflect.Method)[pri:0, instance:com.swaglabs.Tests.LoginValidUser@4b9e13df]" name="LoginValidUserTest" duration-ms="91748" started-at="2019-01-27T21:48:14Z" data-provider="hardCodedBrowsers" finished-at="2019-01-27T21:49:46Z">
          <params>
            <param index="0">
              <value>
                <![CDATA[TestObject]]>
              </value>
            </param>
            <param index="1">
              <value>
                <![CDATA[Samsung_Galaxy_S5_real]]>
              </value>
            </param>
            <param index="2">
              <value>
                <![CDATA[]]>
              </value>
            </param>
            <param index="3">
              <value>
                <![CDATA[1.8.0]]>
              </value>
            </param>
            <param index="4">
              <value>
                <![CDATA[]]>
              </value>
            </param>
            <param index="5">
              <value>
                <![CDATA[public void com.swaglabs.Tests.LoginValidUser.LoginValidUserTest(java.lang.String,java.lang.String,java.lang.String,java.lang.String,java.lang.String,java.lang.reflect.Method) throws java.net.MalformedURLException,org.openqa.selenium.InvalidElementStateException,java.rmi.UnexpectedException,java.lang.InterruptedException]]>
              </value>
            </param>
          </params>
          <reporter-output>
          </reporter-output>
        </test-method> <!-- LoginValidUserTest -->
        <test-method status="PASS" signature="LoginValidUserTest(java.lang.String, java.lang.String, java.lang.String, java.lang.String, java.lang.String, java.lang.reflect.Method)[pri:0, instance:com.swaglabs.Tests.LoginValidUser@4b9e13df]" name="LoginValidUserTest" duration-ms="144789" started-at="2019-01-27T21:48:14Z" data-provider="hardCodedBrowsers" finished-at="2019-01-27T21:50:39Z">
          <params>
            <param index="0">
              <value>
                <![CDATA[TestObject]]>
              </value>
            </param>
            <param index="1">
              <value>
                <![CDATA[Samsung Galaxy S7]]>
              </value>
            </param>
            <param index="2">
              <value>
                <![CDATA[]]>
              </value>
            </param>
            <param index="3">
              <value>
                <![CDATA[1.8.0]]>
              </value>
            </param>
            <param index="4">
              <value>
                <![CDATA[]]>
              </value>
            </param>
            <param index="5">
              <value>
                <![CDATA[public void com.swaglabs.Tests.LoginValidUser.LoginValidUserTest(java.lang.String,java.lang.String,java.lang.String,java.lang.String,java.lang.String,java.lang.reflect.Method) throws java.net.MalformedURLException,org.openqa.selenium.InvalidElementStateException,java.rmi.UnexpectedException,java.lang.InterruptedException]]>
              </value>
            </param>
          </params>
          <reporter-output>
          </reporter-output>
        </test-method> <!-- LoginValidUserTest -->
        <test-method status="PASS" signature="LoginValidUserTest(java.lang.String, java.lang.String, java.lang.String, java.lang.String, java.lang.String, java.lang.reflect.Method)[pri:0, instance:com.swaglabs.Tests.LoginValidUser@4b9e13df]" name="LoginValidUserTest" duration-ms="46144" started-at="2019-01-27T21:48:14Z" data-provider="hardCodedBrowsers" finished-at="2019-01-27T21:49:00Z">
          <params>
            <param index="0">
              <value>
                <![CDATA[Android]]>
              </value>
            </param>
            <param index="1">
              <value>
                <![CDATA[Android Emulator]]>
              </value>
            </param>
            <param index="2">
              <value>
                <![CDATA[]]>
              </value>
            </param>
            <param index="3">
              <value>
                <![CDATA[1.8.0]]>
              </value>
            </param>
            <param index="4">
              <value>
                <![CDATA[portrait]]>
              </value>
            </param>
            <param index="5">
              <value>
                <![CDATA[public void com.swaglabs.Tests.LoginValidUser.LoginValidUserTest(java.lang.String,java.lang.String,java.lang.String,java.lang.String,java.lang.String,java.lang.reflect.Method) throws java.net.MalformedURLException,org.openqa.selenium.InvalidElementStateException,java.rmi.UnexpectedException,java.lang.InterruptedException]]>
              </value>
            </param>
          </params>
          <reporter-output>
          </reporter-output>
        </test-method> <!-- LoginValidUserTest -->
        <test-method status="PASS" signature="LoginValidUserTest(java.lang.String, java.lang.String, java.lang.String, java.lang.String, java.lang.String, java.lang.reflect.Method)[pri:0, instance:com.swaglabs.Tests.LoginValidUser@4b9e13df]" name="LoginValidUserTest" duration-ms="54696" started-at="2019-01-27T21:48:14Z" data-provider="hardCodedBrowsers" finished-at="2019-01-27T21:49:09Z">
          <params>
            <param index="0">
              <value>
                <![CDATA[Android]]>
              </value>
            </param>
            <param index="1">
              <value>
                <![CDATA[Samsung Galaxy S9 WQHD GoogleAPI Emulator]]>
              </value>
            </param>
            <param index="2">
              <value>
                <![CDATA[]]>
              </value>
            </param>
            <param index="3">
              <value>
                <![CDATA[1.8.0]]>
              </value>
            </param>
            <param index="4">
              <value>
                <![CDATA[portrait]]>
              </value>
            </param>
            <param index="5">
              <value>
                <![CDATA[public void com.swaglabs.Tests.LoginValidUser.LoginValidUserTest(java.lang.String,java.lang.String,java.lang.String,java.lang.String,java.lang.String,java.lang.reflect.Method) throws java.net.MalformedURLException,org.openqa.selenium.InvalidElementStateException,java.rmi.UnexpectedException,java.lang.InterruptedException]]>
              </value>
            </param>
          </params>
          <reporter-output>
          </reporter-output>
        </test-method> <!-- LoginValidUserTest -->
        <test-method status="PASS" signature="tearDown(org.testng.ITestResult)[pri:0, instance:com.swaglabs.Tests.LoginValidUser@4b9e13df]" name="tearDown" is-config="true" duration-ms="556" started-at="2019-01-27T21:49:00Z" finished-at="2019-01-27T21:49:01Z">
          <params>
            <param index="0">
              <value>
                <![CDATA[[TestResult name=LoginValidUserTest status=SUCCESS method=LoginValidUser.LoginValidUserTest(java.lang.String, java.lang.String, java.lang.String, java.lang.String, java.lang.String, java.lang.reflect.Method)[pri:0, instance:com.swaglabs.Tests.LoginValidUser@4b9e13df] output={null}]]]>
              </value>
            </param>
          </params>
          <reporter-output>
          </reporter-output>
        </test-method> <!-- tearDown -->
        <test-method status="PASS" signature="tearDown(org.testng.ITestResult)[pri:0, instance:com.swaglabs.Tests.LoginValidUser@4b9e13df]" name="tearDown" is-config="true" duration-ms="1929" started-at="2019-01-27T21:49:09Z" finished-at="2019-01-27T21:49:11Z">
          <params>
            <param index="0">
              <value>
                <![CDATA[[TestResult name=LoginValidUserTest status=SUCCESS method=LoginValidUser.LoginValidUserTest(java.lang.String, java.lang.String, java.lang.String, java.lang.String, java.lang.String, java.lang.reflect.Method)[pri:0, instance:com.swaglabs.Tests.LoginValidUser@4b9e13df] output={null}]]]>
              </value>
            </param>
          </params>
          <reporter-output>
          </reporter-output>
        </test-method> <!-- tearDown -->
        <test-method status="PASS" signature="tearDown(org.testng.ITestResult)[pri:0, instance:com.swaglabs.Tests.LoginValidUser@4b9e13df]" name="tearDown" is-config="true" duration-ms="5273" started-at="2019-01-27T21:49:46Z" finished-at="2019-01-27T21:49:51Z">
          <params>
            <param index="0">
              <value>
                <![CDATA[[TestResult name=LoginValidUserTest status=SUCCESS method=LoginValidUser.LoginValidUserTest(java.lang.String, java.lang.String, java.lang.String, java.lang.String, java.lang.String, java.lang.reflect.Method)[pri:0, instance:com.swaglabs.Tests.LoginValidUser@4b9e13df] output={null}]]]>
              </value>
            </param>
          </params>
          <reporter-output>
          </reporter-output>
        </test-method> <!-- tearDown -->
        <test-method status="PASS" signature="tearDown(org.testng.ITestResult)[pri:0, instance:com.swaglabs.Tests.LoginValidUser@4b9e13df]" name="tearDown" is-config="true" duration-ms="1908" started-at="2019-01-27T21:50:39Z" finished-at="2019-01-27T21:50:41Z">
          <params>
            <param index="0">
              <value>
                <![CDATA[[TestResult name=LoginValidUserTest status=SUCCESS method=LoginValidUser.LoginValidUserTest(java.lang.String, java.lang.String, java.lang.String, java.lang.String, java.lang.String, java.lang.reflect.Method)[pri:0, instance:com.swaglabs.Tests.LoginValidUser@4b9e13df] output={null}]]]>
              </value>
            </param>
          </params>
          <reporter-output>
          </reporter-output>
        </test-method> <!-- tearDown -->
      </class> <!-- com.swaglabs.Tests.LoginValidUser -->
    </test> <!-- Test -->
  </suite> <!-- Suite -->
</testng-results>
