<?xml version="1.0" encoding="UTF-8"?>
<testng-results skipped="0" failed="0" total="12" passed="12">
  <reporter-output>
  </reporter-output>
  <suite name="Default suite" duration-ms="280191" started-at="2019-01-28T05:36:32Z" finished-at="2019-01-28T05:41:12Z">
    <groups>
    </groups>
    <test name="Default test" duration-ms="280191" started-at="2019-01-28T05:36:32Z" finished-at="2019-01-28T05:41:12Z">
      <class name="com.swaglabs.Tests.LaunchSwagLabs">
        <test-method status="PASS" signature="LaunchSwagLabsTest(java.lang.String, java.lang.String, java.lang.String, java.lang.String, java.lang.String, java.lang.reflect.Method)[pri:0, instance:com.swaglabs.Tests.LaunchSwagLabs@2ac273d3]" name="LaunchSwagLabsTest" duration-ms="70440" started-at="2019-01-27T21:36:32Z" data-provider="hardCodedBrowsers" finished-at="2019-01-27T21:37:42Z">
          <params>
            <param index="0">
              <value>
                <![CDATA[TestObject]]>
              </value>
            </param>
            <param index="1">
              <value>
                <![CDATA[Samsung_Galaxy_S5_real]]>
              </value>
            </param>
            <param index="2">
              <value>
                <![CDATA[]]>
              </value>
            </param>
            <param index="3">
              <value>
                <![CDATA[1.8.0]]>
              </value>
            </param>
            <param index="4">
              <value>
                <![CDATA[]]>
              </value>
            </param>
            <param index="5">
              <value>
                <![CDATA[public void com.swaglabs.Tests.LaunchSwagLabs.LaunchSwagLabsTest(java.lang.String,java.lang.String,java.lang.String,java.lang.String,java.lang.String,java.lang.reflect.Method) throws java.net.MalformedURLException,org.openqa.selenium.InvalidElementStateException,java.rmi.UnexpectedException]]>
              </value>
            </param>
          </params>
          <reporter-output>
          </reporter-output>
        </test-method> <!-- LaunchSwagLabsTest -->
        <test-method status="PASS" signature="LaunchSwagLabsTest(java.lang.String, java.lang.String, java.lang.String, java.lang.String, java.lang.String, java.lang.reflect.Method)[pri:0, instance:com.swaglabs.Tests.LaunchSwagLabs@2ac273d3]" name="LaunchSwagLabsTest" duration-ms="27175" started-at="2019-01-27T21:36:32Z" data-provider="hardCodedBrowsers" finished-at="2019-01-27T21:36:59Z">
          <params>
            <param index="0">
              <value>
                <![CDATA[Android]]>
              </value>
            </param>
            <param index="1">
              <value>
                <![CDATA[Android Emulator]]>
              </value>
            </param>
            <param index="2">
              <value>
                <![CDATA[]]>
              </value>
            </param>
            <param index="3">
              <value>
                <![CDATA[1.8.0]]>
              </value>
            </param>
            <param index="4">
              <value>
                <![CDATA[portrait]]>
              </value>
            </param>
            <param index="5">
              <value>
                <![CDATA[public void com.swaglabs.Tests.LaunchSwagLabs.LaunchSwagLabsTest(java.lang.String,java.lang.String,java.lang.String,java.lang.String,java.lang.String,java.lang.reflect.Method) throws java.net.MalformedURLException,org.openqa.selenium.InvalidElementStateException,java.rmi.UnexpectedException]]>
              </value>
            </param>
          </params>
          <reporter-output>
          </reporter-output>
        </test-method> <!-- LaunchSwagLabsTest -->
        <test-method status="PASS" signature="LaunchSwagLabsTest(java.lang.String, java.lang.String, java.lang.String, java.lang.String, java.lang.String, java.lang.reflect.Method)[pri:0, instance:com.swaglabs.Tests.LaunchSwagLabs@2ac273d3]" name="LaunchSwagLabsTest" duration-ms="35181" started-at="2019-01-27T21:36:32Z" data-provider="hardCodedBrowsers" finished-at="2019-01-27T21:37:07Z">
          <params>
            <param index="0">
              <value>
                <![CDATA[Android]]>
              </value>
            </param>
            <param index="1">
              <value>
                <![CDATA[Samsung Galaxy S9 WQHD GoogleAPI Emulator]]>
              </value>
            </param>
            <param index="2">
              <value>
                <![CDATA[]]>
              </value>
            </param>
            <param index="3">
              <value>
                <![CDATA[1.8.0]]>
              </value>
            </param>
            <param index="4">
              <value>
                <![CDATA[portrait]]>
              </value>
            </param>
            <param index="5">
              <value>
                <![CDATA[public void com.swaglabs.Tests.LaunchSwagLabs.LaunchSwagLabsTest(java.lang.String,java.lang.String,java.lang.String,java.lang.String,java.lang.String,java.lang.reflect.Method) throws java.net.MalformedURLException,org.openqa.selenium.InvalidElementStateException,java.rmi.UnexpectedException]]>
              </value>
            </param>
          </params>
          <reporter-output>
          </reporter-output>
        </test-method> <!-- LaunchSwagLabsTest -->
        <test-method status="PASS" signature="LaunchSwagLabsTest(java.lang.String, java.lang.String, java.lang.String, java.lang.String, java.lang.String, java.lang.reflect.Method)[pri:0, instance:com.swaglabs.Tests.LaunchSwagLabs@2ac273d3]" name="LaunchSwagLabsTest" duration-ms="41531" started-at="2019-01-27T21:36:32Z" data-provider="hardCodedBrowsers" finished-at="2019-01-27T21:37:13Z">
          <params>
            <param index="0">
              <value>
                <![CDATA[TestObject]]>
              </value>
            </param>
            <param index="1">
              <value>
                <![CDATA[Samsung Galaxy S7]]>
              </value>
            </param>
            <param index="2">
              <value>
                <![CDATA[]]>
              </value>
            </param>
            <param index="3">
              <value>
                <![CDATA[1.8.0]]>
              </value>
            </param>
            <param index="4">
              <value>
                <![CDATA[]]>
              </value>
            </param>
            <param index="5">
              <value>
                <![CDATA[public void com.swaglabs.Tests.LaunchSwagLabs.LaunchSwagLabsTest(java.lang.String,java.lang.String,java.lang.String,java.lang.String,java.lang.String,java.lang.reflect.Method) throws java.net.MalformedURLException,org.openqa.selenium.InvalidElementStateException,java.rmi.UnexpectedException]]>
              </value>
            </param>
          </params>
          <reporter-output>
          </reporter-output>
        </test-method> <!-- LaunchSwagLabsTest -->
        <test-method status="PASS" signature="tearDown(org.testng.ITestResult)[pri:0, instance:com.swaglabs.Tests.LaunchSwagLabs@2ac273d3]" name="tearDown" is-config="true" duration-ms="658" started-at="2019-01-27T21:36:59Z" finished-at="2019-01-27T21:36:59Z">
          <params>
            <param index="0">
              <value>
                <![CDATA[[TestResult name=LaunchSwagLabsTest status=SUCCESS method=LaunchSwagLabs.LaunchSwagLabsTest(java.lang.String, java.lang.String, java.lang.String, java.lang.String, java.lang.String, java.lang.reflect.Method)[pri:0, instance:com.swaglabs.Tests.LaunchSwagLabs@2ac273d3] output={null}]]]>
              </value>
            </param>
          </params>
          <reporter-output>
          </reporter-output>
        </test-method> <!-- tearDown -->
        <test-method status="PASS" signature="tearDown(org.testng.ITestResult)[pri:0, instance:com.swaglabs.Tests.LaunchSwagLabs@2ac273d3]" name="tearDown" is-config="true" duration-ms="1052" started-at="2019-01-27T21:37:07Z" finished-at="2019-01-27T21:37:08Z">
          <params>
            <param index="0">
              <value>
                <![CDATA[[TestResult name=LaunchSwagLabsTest status=SUCCESS method=LaunchSwagLabs.LaunchSwagLabsTest(java.lang.String, java.lang.String, java.lang.String, java.lang.String, java.lang.String, java.lang.reflect.Method)[pri:0, instance:com.swaglabs.Tests.LaunchSwagLabs@2ac273d3] output={null}]]]>
              </value>
            </param>
          </params>
          <reporter-output>
          </reporter-output>
        </test-method> <!-- tearDown -->
        <test-method status="PASS" signature="tearDown(org.testng.ITestResult)[pri:0, instance:com.swaglabs.Tests.LaunchSwagLabs@2ac273d3]" name="tearDown" is-config="true" duration-ms="2523" started-at="2019-01-27T21:37:13Z" finished-at="2019-01-27T21:37:16Z">
          <params>
            <param index="0">
              <value>
                <![CDATA[[TestResult name=LaunchSwagLabsTest status=SUCCESS method=LaunchSwagLabs.LaunchSwagLabsTest(java.lang.String, java.lang.String, java.lang.String, java.lang.String, java.lang.String, java.lang.reflect.Method)[pri:0, instance:com.swaglabs.Tests.LaunchSwagLabs@2ac273d3] output={null}]]]>
              </value>
            </param>
          </params>
          <reporter-output>
          </reporter-output>
        </test-method> <!-- tearDown -->
        <test-method status="PASS" signature="tearDown(org.testng.ITestResult)[pri:0, instance:com.swaglabs.Tests.LaunchSwagLabs@2ac273d3]" name="tearDown" is-config="true" duration-ms="5193" started-at="2019-01-27T21:37:42Z" finished-at="2019-01-27T21:37:47Z">
          <params>
            <param index="0">
              <value>
                <![CDATA[[TestResult name=LaunchSwagLabsTest status=SUCCESS method=LaunchSwagLabs.LaunchSwagLabsTest(java.lang.String, java.lang.String, java.lang.String, java.lang.String, java.lang.String, java.lang.reflect.Method)[pri:0, instance:com.swaglabs.Tests.LaunchSwagLabs@2ac273d3] output={null}]]]>
              </value>
            </param>
          </params>
          <reporter-output>
          </reporter-output>
        </test-method> <!-- tearDown -->
      </class> <!-- com.swaglabs.Tests.LaunchSwagLabs -->
      <class name="com.swaglabs.Tests.LoginInvalidUser">
        <test-method status="PASS" signature="LogininvalidUserTest(java.lang.String, java.lang.String, java.lang.String, java.lang.String, java.lang.String, java.lang.reflect.Method)[pri:0, instance:com.swaglabs.Tests.LoginInvalidUser@71423665]" name="LogininvalidUserTest" duration-ms="40722" started-at="2019-01-27T21:39:22Z" data-provider="hardCodedBrowsers" finished-at="2019-01-27T21:40:02Z">
          <params>
            <param index="0">
              <value>
                <![CDATA[Android]]>
              </value>
            </param>
            <param index="1">
              <value>
                <![CDATA[Android Emulator]]>
              </value>
            </param>
            <param index="2">
              <value>
                <![CDATA[]]>
              </value>
            </param>
            <param index="3">
              <value>
                <![CDATA[1.8.0]]>
              </value>
            </param>
            <param index="4">
              <value>
                <![CDATA[portrait]]>
              </value>
            </param>
            <param index="5">
              <value>
                <![CDATA[public void com.swaglabs.Tests.LoginInvalidUser.LogininvalidUserTest(java.lang.String,java.lang.String,java.lang.String,java.lang.String,java.lang.String,java.lang.reflect.Method) throws java.net.MalformedURLException,org.openqa.selenium.InvalidElementStateException,java.rmi.UnexpectedException,java.lang.InterruptedException]]>
              </value>
            </param>
          </params>
          <reporter-output>
          </reporter-output>
        </test-method> <!-- LogininvalidUserTest -->
        <test-method status="PASS" signature="LogininvalidUserTest(java.lang.String, java.lang.String, java.lang.String, java.lang.String, java.lang.String, java.lang.reflect.Method)[pri:0, instance:com.swaglabs.Tests.LoginInvalidUser@71423665]" name="LogininvalidUserTest" duration-ms="61171" started-at="2019-01-27T21:39:22Z" data-provider="hardCodedBrowsers" finished-at="2019-01-27T21:40:23Z">
          <params>
            <param index="0">
              <value>
                <![CDATA[TestObject]]>
              </value>
            </param>
            <param index="1">
              <value>
                <![CDATA[Samsung Galaxy S7]]>
              </value>
            </param>
            <param index="2">
              <value>
                <![CDATA[]]>
              </value>
            </param>
            <param index="3">
              <value>
                <![CDATA[1.8.0]]>
              </value>
            </param>
            <param index="4">
              <value>
                <![CDATA[]]>
              </value>
            </param>
            <param index="5">
              <value>
                <![CDATA[public void com.swaglabs.Tests.LoginInvalidUser.LogininvalidUserTest(java.lang.String,java.lang.String,java.lang.String,java.lang.String,java.lang.String,java.lang.reflect.Method) throws java.net.MalformedURLException,org.openqa.selenium.InvalidElementStateException,java.rmi.UnexpectedException,java.lang.InterruptedException]]>
              </value>
            </param>
          </params>
          <reporter-output>
          </reporter-output>
        </test-method> <!-- LogininvalidUserTest -->
        <test-method status="PASS" signature="LogininvalidUserTest(java.lang.String, java.lang.String, java.lang.String, java.lang.String, java.lang.String, java.lang.reflect.Method)[pri:0, instance:com.swaglabs.Tests.LoginInvalidUser@71423665]" name="LogininvalidUserTest" duration-ms="54887" started-at="2019-01-27T21:39:22Z" data-provider="hardCodedBrowsers" finished-at="2019-01-27T21:40:17Z">
          <params>
            <param index="0">
              <value>
                <![CDATA[Android]]>
              </value>
            </param>
            <param index="1">
              <value>
                <![CDATA[Samsung Galaxy S9 WQHD GoogleAPI Emulator]]>
              </value>
            </param>
            <param index="2">
              <value>
                <![CDATA[]]>
              </value>
            </param>
            <param index="3">
              <value>
                <![CDATA[1.8.0]]>
              </value>
            </param>
            <param index="4">
              <value>
                <![CDATA[portrait]]>
              </value>
            </param>
            <param index="5">
              <value>
                <![CDATA[public void com.swaglabs.Tests.LoginInvalidUser.LogininvalidUserTest(java.lang.String,java.lang.String,java.lang.String,java.lang.String,java.lang.String,java.lang.reflect.Method) throws java.net.MalformedURLException,org.openqa.selenium.InvalidElementStateException,java.rmi.UnexpectedException,java.lang.InterruptedException]]>
              </value>
            </param>
          </params>
          <reporter-output>
          </reporter-output>
        </test-method> <!-- LogininvalidUserTest -->
        <test-method status="PASS" signature="LogininvalidUserTest(java.lang.String, java.lang.String, java.lang.String, java.lang.String, java.lang.String, java.lang.reflect.Method)[pri:0, instance:com.swaglabs.Tests.LoginInvalidUser@71423665]" name="LogininvalidUserTest" duration-ms="104536" started-at="2019-01-27T21:39:22Z" data-provider="hardCodedBrowsers" finished-at="2019-01-27T21:41:06Z">
          <params>
            <param index="0">
              <value>
                <![CDATA[TestObject]]>
              </value>
            </param>
            <param index="1">
              <value>
                <![CDATA[Samsung_Galaxy_S5_real]]>
              </value>
            </param>
            <param index="2">
              <value>
                <![CDATA[]]>
              </value>
            </param>
            <param index="3">
              <value>
                <![CDATA[1.8.0]]>
              </value>
            </param>
            <param index="4">
              <value>
                <![CDATA[]]>
              </value>
            </param>
            <param index="5">
              <value>
                <![CDATA[public void com.swaglabs.Tests.LoginInvalidUser.LogininvalidUserTest(java.lang.String,java.lang.String,java.lang.String,java.lang.String,java.lang.String,java.lang.reflect.Method) throws java.net.MalformedURLException,org.openqa.selenium.InvalidElementStateException,java.rmi.UnexpectedException,java.lang.InterruptedException]]>
              </value>
            </param>
          </params>
          <reporter-output>
          </reporter-output>
        </test-method> <!-- LogininvalidUserTest -->
        <test-method status="PASS" signature="tearDown(org.testng.ITestResult)[pri:0, instance:com.swaglabs.Tests.LoginInvalidUser@71423665]" name="tearDown" is-config="true" duration-ms="673" started-at="2019-01-27T21:40:02Z" finished-at="2019-01-27T21:40:03Z">
          <params>
            <param index="0">
              <value>
                <![CDATA[[TestResult name=LogininvalidUserTest status=SUCCESS method=LoginInvalidUser.LogininvalidUserTest(java.lang.String, java.lang.String, java.lang.String, java.lang.String, java.lang.String, java.lang.reflect.Method)[pri:0, instance:com.swaglabs.Tests.LoginInvalidUser@71423665] output={null}]]]>
              </value>
            </param>
          </params>
          <reporter-output>
          </reporter-output>
        </test-method> <!-- tearDown -->
        <test-method status="PASS" signature="tearDown(org.testng.ITestResult)[pri:0, instance:com.swaglabs.Tests.LoginInvalidUser@71423665]" name="tearDown" is-config="true" duration-ms="1120" started-at="2019-01-27T21:40:17Z" finished-at="2019-01-27T21:40:18Z">
          <params>
            <param index="0">
              <value>
                <![CDATA[[TestResult name=LogininvalidUserTest status=SUCCESS method=LoginInvalidUser.LogininvalidUserTest(java.lang.String, java.lang.String, java.lang.String, java.lang.String, java.lang.String, java.lang.reflect.Method)[pri:0, instance:com.swaglabs.Tests.LoginInvalidUser@71423665] output={null}]]]>
              </value>
            </param>
          </params>
          <reporter-output>
          </reporter-output>
        </test-method> <!-- tearDown -->
        <test-method status="PASS" signature="tearDown(org.testng.ITestResult)[pri:0, instance:com.swaglabs.Tests.LoginInvalidUser@71423665]" name="tearDown" is-config="true" duration-ms="2006" started-at="2019-01-27T21:40:23Z" finished-at="2019-01-27T21:40:25Z">
          <params>
            <param index="0">
              <value>
                <![CDATA[[TestResult name=LogininvalidUserTest status=SUCCESS method=LoginInvalidUser.LogininvalidUserTest(java.lang.String, java.lang.String, java.lang.String, java.lang.String, java.lang.String, java.lang.reflect.Method)[pri:0, instance:com.swaglabs.Tests.LoginInvalidUser@71423665] output={null}]]]>
              </value>
            </param>
          </params>
          <reporter-output>
          </reporter-output>
        </test-method> <!-- tearDown -->
        <test-method status="PASS" signature="tearDown(org.testng.ITestResult)[pri:0, instance:com.swaglabs.Tests.LoginInvalidUser@71423665]" name="tearDown" is-config="true" duration-ms="5662" started-at="2019-01-27T21:41:06Z" finished-at="2019-01-27T21:41:12Z">
          <params>
            <param index="0">
              <value>
                <![CDATA[[TestResult name=LogininvalidUserTest status=SUCCESS method=LoginInvalidUser.LogininvalidUserTest(java.lang.String, java.lang.String, java.lang.String, java.lang.String, java.lang.String, java.lang.reflect.Method)[pri:0, instance:com.swaglabs.Tests.LoginInvalidUser@71423665] output={null}]]]>
              </value>
            </param>
          </params>
          <reporter-output>
          </reporter-output>
        </test-method> <!-- tearDown -->
      </class> <!-- com.swaglabs.Tests.LoginInvalidUser -->
      <class name="com.swaglabs.Tests.LoginValidUser">
        <test-method status="PASS" signature="LoginValidUserTest(java.lang.String, java.lang.String, java.lang.String, java.lang.String, java.lang.String, java.lang.reflect.Method)[pri:0, instance:com.swaglabs.Tests.LoginValidUser@20398b7c]" name="LoginValidUserTest" duration-ms="51774" started-at="2019-01-27T21:37:47Z" data-provider="hardCodedBrowsers" finished-at="2019-01-27T21:38:39Z">
          <params>
            <param index="0">
              <value>
                <![CDATA[Android]]>
              </value>
            </param>
            <param index="1">
              <value>
                <![CDATA[Samsung Galaxy S9 WQHD GoogleAPI Emulator]]>
              </value>
            </param>
            <param index="2">
              <value>
                <![CDATA[]]>
              </value>
            </param>
            <param index="3">
              <value>
                <![CDATA[1.8.0]]>
              </value>
            </param>
            <param index="4">
              <value>
                <![CDATA[portrait]]>
              </value>
            </param>
            <param index="5">
              <value>
                <![CDATA[public void com.swaglabs.Tests.LoginValidUser.LoginValidUserTest(java.lang.String,java.lang.String,java.lang.String,java.lang.String,java.lang.String,java.lang.reflect.Method) throws java.net.MalformedURLException,org.openqa.selenium.InvalidElementStateException,java.rmi.UnexpectedException,java.lang.InterruptedException]]>
              </value>
            </param>
          </params>
          <reporter-output>
          </reporter-output>
        </test-method> <!-- LoginValidUserTest -->
        <test-method status="PASS" signature="LoginValidUserTest(java.lang.String, java.lang.String, java.lang.String, java.lang.String, java.lang.String, java.lang.reflect.Method)[pri:0, instance:com.swaglabs.Tests.LoginValidUser@20398b7c]" name="LoginValidUserTest" duration-ms="43270" started-at="2019-01-27T21:37:47Z" data-provider="hardCodedBrowsers" finished-at="2019-01-27T21:38:31Z">
          <params>
            <param index="0">
              <value>
                <![CDATA[Android]]>
              </value>
            </param>
            <param index="1">
              <value>
                <![CDATA[Android Emulator]]>
              </value>
            </param>
            <param index="2">
              <value>
                <![CDATA[]]>
              </value>
            </param>
            <param index="3">
              <value>
                <![CDATA[1.8.0]]>
              </value>
            </param>
            <param index="4">
              <value>
                <![CDATA[portrait]]>
              </value>
            </param>
            <param index="5">
              <value>
                <![CDATA[public void com.swaglabs.Tests.LoginValidUser.LoginValidUserTest(java.lang.String,java.lang.String,java.lang.String,java.lang.String,java.lang.String,java.lang.reflect.Method) throws java.net.MalformedURLException,org.openqa.selenium.InvalidElementStateException,java.rmi.UnexpectedException,java.lang.InterruptedException]]>
              </value>
            </param>
          </params>
          <reporter-output>
          </reporter-output>
        </test-method> <!-- LoginValidUserTest -->
        <test-method status="PASS" signature="LoginValidUserTest(java.lang.String, java.lang.String, java.lang.String, java.lang.String, java.lang.String, java.lang.reflect.Method)[pri:0, instance:com.swaglabs.Tests.LoginValidUser@20398b7c]" name="LoginValidUserTest" duration-ms="88998" started-at="2019-01-27T21:37:47Z" data-provider="hardCodedBrowsers" finished-at="2019-01-27T21:39:16Z">
          <params>
            <param index="0">
              <value>
                <![CDATA[TestObject]]>
              </value>
            </param>
            <param index="1">
              <value>
                <![CDATA[Samsung_Galaxy_S5_real]]>
              </value>
            </param>
            <param index="2">
              <value>
                <![CDATA[]]>
              </value>
            </param>
            <param index="3">
              <value>
                <![CDATA[1.8.0]]>
              </value>
            </param>
            <param index="4">
              <value>
                <![CDATA[]]>
              </value>
            </param>
            <param index="5">
              <value>
                <![CDATA[public void com.swaglabs.Tests.LoginValidUser.LoginValidUserTest(java.lang.String,java.lang.String,java.lang.String,java.lang.String,java.lang.String,java.lang.reflect.Method) throws java.net.MalformedURLException,org.openqa.selenium.InvalidElementStateException,java.rmi.UnexpectedException,java.lang.InterruptedException]]>
              </value>
            </param>
          </params>
          <reporter-output>
          </reporter-output>
        </test-method> <!-- LoginValidUserTest -->
        <test-method status="PASS" signature="LoginValidUserTest(java.lang.String, java.lang.String, java.lang.String, java.lang.String, java.lang.String, java.lang.reflect.Method)[pri:0, instance:com.swaglabs.Tests.LoginValidUser@20398b7c]" name="LoginValidUserTest" duration-ms="64030" started-at="2019-01-27T21:37:47Z" data-provider="hardCodedBrowsers" finished-at="2019-01-27T21:38:51Z">
          <params>
            <param index="0">
              <value>
                <![CDATA[TestObject]]>
              </value>
            </param>
            <param index="1">
              <value>
                <![CDATA[Samsung Galaxy S7]]>
              </value>
            </param>
            <param index="2">
              <value>
                <![CDATA[]]>
              </value>
            </param>
            <param index="3">
              <value>
                <![CDATA[1.8.0]]>
              </value>
            </param>
            <param index="4">
              <value>
                <![CDATA[]]>
              </value>
            </param>
            <param index="5">
              <value>
                <![CDATA[public void com.swaglabs.Tests.LoginValidUser.LoginValidUserTest(java.lang.String,java.lang.String,java.lang.String,java.lang.String,java.lang.String,java.lang.reflect.Method) throws java.net.MalformedURLException,org.openqa.selenium.InvalidElementStateException,java.rmi.UnexpectedException,java.lang.InterruptedException]]>
              </value>
            </param>
          </params>
          <reporter-output>
          </reporter-output>
        </test-method> <!-- LoginValidUserTest -->
        <test-method status="PASS" signature="tearDown(org.testng.ITestResult)[pri:0, instance:com.swaglabs.Tests.LoginValidUser@20398b7c]" name="tearDown" is-config="true" duration-ms="650" started-at="2019-01-27T21:38:31Z" finished-at="2019-01-27T21:38:31Z">
          <params>
            <param index="0">
              <value>
                <![CDATA[[TestResult name=LoginValidUserTest status=SUCCESS method=LoginValidUser.LoginValidUserTest(java.lang.String, java.lang.String, java.lang.String, java.lang.String, java.lang.String, java.lang.reflect.Method)[pri:0, instance:com.swaglabs.Tests.LoginValidUser@20398b7c] output={null}]]]>
              </value>
            </param>
          </params>
          <reporter-output>
          </reporter-output>
        </test-method> <!-- tearDown -->
        <test-method status="PASS" signature="tearDown(org.testng.ITestResult)[pri:0, instance:com.swaglabs.Tests.LoginValidUser@20398b7c]" name="tearDown" is-config="true" duration-ms="3021" started-at="2019-01-27T21:38:39Z" finished-at="2019-01-27T21:38:42Z">
          <params>
            <param index="0">
              <value>
                <![CDATA[[TestResult name=LoginValidUserTest status=SUCCESS method=LoginValidUser.LoginValidUserTest(java.lang.String, java.lang.String, java.lang.String, java.lang.String, java.lang.String, java.lang.reflect.Method)[pri:0, instance:com.swaglabs.Tests.LoginValidUser@20398b7c] output={null}]]]>
              </value>
            </param>
          </params>
          <reporter-output>
          </reporter-output>
        </test-method> <!-- tearDown -->
        <test-method status="PASS" signature="tearDown(org.testng.ITestResult)[pri:0, instance:com.swaglabs.Tests.LoginValidUser@20398b7c]" name="tearDown" is-config="true" duration-ms="2138" started-at="2019-01-27T21:38:51Z" finished-at="2019-01-27T21:38:53Z">
          <params>
            <param index="0">
              <value>
                <![CDATA[[TestResult name=LoginValidUserTest status=SUCCESS method=LoginValidUser.LoginValidUserTest(java.lang.String, java.lang.String, java.lang.String, java.lang.String, java.lang.String, java.lang.reflect.Method)[pri:0, instance:com.swaglabs.Tests.LoginValidUser@20398b7c] output={null}]]]>
              </value>
            </param>
          </params>
          <reporter-output>
          </reporter-output>
        </test-method> <!-- tearDown -->
        <test-method status="PASS" signature="tearDown(org.testng.ITestResult)[pri:0, instance:com.swaglabs.Tests.LoginValidUser@20398b7c]" name="tearDown" is-config="true" duration-ms="5333" started-at="2019-01-27T21:39:16Z" finished-at="2019-01-27T21:39:22Z">
          <params>
            <param index="0">
              <value>
                <![CDATA[[TestResult name=LoginValidUserTest status=SUCCESS method=LoginValidUser.LoginValidUserTest(java.lang.String, java.lang.String, java.lang.String, java.lang.String, java.lang.String, java.lang.reflect.Method)[pri:0, instance:com.swaglabs.Tests.LoginValidUser@20398b7c] output={null}]]]>
              </value>
            </param>
          </params>
          <reporter-output>
          </reporter-output>
        </test-method> <!-- tearDown -->
      </class> <!-- com.swaglabs.Tests.LoginValidUser -->
    </test> <!-- Default test -->
  </suite> <!-- Default suite -->
</testng-results>
